This file contains any messages produced by compilers while
running configure, to aid debugging if configure makes a mistake.

It was created by libjpeg configure 9.1.0, which was
generated by GNU Autoconf 2.69.  Invocation command line was

  $ ./configure 

## --------- ##
## Platform. ##
## --------- ##

hostname = DESKTOP-UA4SNVK
uname -m = x86_64
uname -r = 3.4.7-25de8b84.x86_64
uname -s = MINGW64_NT-10.0-22621
uname -v = 2023-08-28 21:32 UTC

/usr/bin/uname -p = unknown
/bin/uname -X     = unknown

/bin/arch              = x86_64
/usr/bin/arch -k       = unknown
/usr/convex/getsysinfo = unknown
/usr/bin/hostinfo      = unknown
/bin/machine           = unknown
/usr/bin/oslevel       = unknown
/bin/universe          = unknown

PATH: /c/Users/phoebe/bin
PATH: /mingw64/bin
PATH: /usr/local/bin
PATH: /usr/bin
PATH: /bin
PATH: /mingw64/bin
PATH: /usr/bin
PATH: /c/Users/phoebe/bin
PATH: /c/Program Files/NVIDIA GPU Computing Toolkit/CUDA/v12.2/bin
PATH: /c/Program Files/NVIDIA GPU Computing Toolkit/CUDA/v12.2/libnvvp
PATH: /c/Windows/system32
PATH: /c/Windows
PATH: /c/Windows/System32/Wbem
PATH: /c/Windows/System32/WindowsPowerShell/v1.0
PATH: /c/Windows/System32/OpenSSH
PATH: /c/ProgramData/chocolatey/bin
PATH: /c/Program Files/NVIDIA Corporation/Nsight Compute 2023.2.2
PATH: /c/Program Files (x86)/NVIDIA Corporation/PhysX/Common
PATH: /c/Program Files/Chia/resources/app.asar.unpacked/daemon
PATH: /c/Users/phoebe/scoop/apps/gpg4win/current/GnuPG/bin
PATH: /c/Users/phoebe/scoop/apps/gcc/current/bin
PATH: /c/Users/phoebe/scoop/apps/gpg4win/current/GnuPG/bin
PATH: /c/Users/phoebe/scoop/apps/gpg4win/current/Gpg4win/bin
PATH: /c/Users/phoebe/scoop/apps/yarn/current/global/node_modules/.bin
PATH: /c/Users/phoebe/scoop/apps/yarn/current/bin
PATH: /c/Users/phoebe/scoop/apps/gsudo/current
PATH: /c/Users/phoebe/go/bin
PATH: /c/Users/phoebe/scoop/apps/python37/current/Scripts
PATH: /c/Users/phoebe/scoop/apps/python37/current
PATH: /c/Users/phoebe/scoop/apps/pyenv/current/pyenv-win/bin
PATH: /c/Users/phoebe/scoop/apps/pyenv/current/pyenv-win/shims
PATH: /c/Users/phoebe/scoop/apps/vscodium/current/bin
PATH: /c/Users/phoebe/scoop/shims
PATH: /c/Users/phoebe/AppData/Local/Microsoft/WindowsApps
PATH: /c/Users/phoebe/AppData/Local/Programs/oh-my-posh/bin
PATH: /c/Program Files/Microsoft Visual Studio/2022/Community/Common7/IDE/CommonExtensions/Microsoft/CMake/CMake/bin
PATH: /usr/bin/vendor_perl
PATH: /usr/bin/core_perl


## ----------- ##
## Core tests. ##
## ----------- ##

configure:2293: checking build system type
configure:2307: result: x86_64-pc-mingw64
configure:2327: checking host system type
configure:2340: result: x86_64-pc-mingw64
configure:2360: checking target system type
configure:2373: result: x86_64-pc-mingw64
configure:2418: checking for a BSD-compatible install
configure:2486: result: /usr/bin/install -c
configure:2497: checking whether build environment is sane
configure:2552: result: yes
configure:2703: checking for a thread-safe mkdir -p
configure:2742: result: /usr/bin/mkdir -p
configure:2749: checking for gawk
configure:2765: found /usr/bin/gawk
configure:2776: result: gawk
configure:2787: checking whether make sets $(MAKE)
configure:2809: result: yes
configure:2838: checking whether make supports nested variables
configure:2855: result: yes
configure:2996: checking whether make supports nested variables
configure:3013: result: yes
configure:3031: checking whether to enable maintainer-specific portions of Makefiles
configure:3040: result: no
configure:3103: checking for gcc
configure:3119: found /c/Users/phoebe/scoop/apps/gcc/current/bin/gcc
configure:3130: result: gcc
configure:3359: checking for C compiler version
configure:3368: gcc --version >&5
gcc.exe (GCC) 11.2.0
Copyright (C) 2021 Free Software Foundation, Inc.
This is free software; see the source for copying conditions.  There is NO
warranty; not even for MERCHANTABILITY or FITNESS FOR A PARTICULAR PURPOSE.

configure:3379: $? = 0
configure:3368: gcc -v >&5
Using built-in specs.
COLLECT_GCC=C:\Users\phoebe\scoop\apps\gcc\current\bin\gcc.exe
COLLECT_LTO_WRAPPER=c:/users/phoebe/scoop/apps/gcc/current/bin/../libexec/gcc/x86_64-w64-mingw32/11.2.0/lto-wrapper.exe
Target: x86_64-w64-mingw32
Configured with: ../src/configure --enable-languages=c,c++ --build=x86_64-w64-mingw32 --host=x86_64-w64-mingw32 --target=x86_64-w64-mingw32 --disable-multilib --prefix=/c/temp/gcc/dest --with-sysroot=/c/temp/gcc/dest --disable-libstdcxx-pch --disable-libstdcxx-verbose --disable-nls --disable-shared --disable-win32-registry --enable-threads=posix --enable-libgomp --with-zstd=/c/mingw --disable-bootstrap
Thread model: posix
Supported LTO compression algorithms: zlib zstd
gcc version 11.2.0 (GCC) 
configure:3379: $? = 0
configure:3368: gcc -V >&5
gcc.exe: error: unrecognized command-line option '-V'
gcc.exe: fatal error: no input files
compilation terminated.
configure:3379: $? = 1
configure:3368: gcc -qversion >&5
gcc.exe: error: unrecognized command-line option '-qversion'; did you mean '--version'?
gcc.exe: fatal error: no input files
compilation terminated.
configure:3379: $? = 1
configure:3399: checking whether the C compiler works
configure:3421: gcc    conftest.c  >&5
configure:3425: $? = 0
configure:3473: result: yes
configure:3476: checking for C compiler default output file name
configure:3478: result: a.exe
configure:3484: checking for suffix of executables
configure:3491: gcc -o conftest.exe    conftest.c  >&5
configure:3495: $? = 0
configure:3517: result: .exe
configure:3539: checking whether we are cross compiling
configure:3547: gcc -o conftest.exe    conftest.c  >&5
configure:3551: $? = 0
configure:3558: ./conftest.exe
configure:3562: $? = 0
configure:3577: result: no
configure:3582: checking for suffix of object files
configure:3604: gcc -c   conftest.c >&5
configure:3608: $? = 0
configure:3629: result: o
configure:3633: checking whether we are using the GNU C compiler
configure:3652: gcc -c   conftest.c >&5
configure:3652: $? = 0
configure:3661: result: yes
configure:3670: checking whether gcc accepts -g
configure:3690: gcc -c -g  conftest.c >&5
configure:3690: $? = 0
configure:3731: result: yes
configure:3748: checking for gcc option to accept ISO C89
configure:3811: gcc  -c -g -O2  conftest.c >&5
configure:3811: $? = 0
configure:3824: result: none needed
configure:3849: checking whether gcc understands -c and -o together
configure:3871: gcc -c conftest.c -o conftest2.o
configure:3874: $? = 0
configure:3871: gcc -c conftest.c -o conftest2.o
configure:3874: $? = 0
configure:3886: result: yes
configure:3914: checking for style of include used by make
configure:3942: result: GNU
configure:3968: checking dependency style of gcc
configure:4079: result: gcc3
configure:4098: checking for gcc option to accept ISO C99
configure:4247: gcc  -c -g -O2  conftest.c >&5
configure:4247: $? = 0
configure:4260: result: none needed
configure:4368: checking for gcc option to accept ISO Standard C
configure:4379: result: none needed
configure:4391: checking how to run the C preprocessor
configure:4422: gcc -E  conftest.c
configure:4422: $? = 0
configure:4436: gcc -E  conftest.c
conftest.c:11:10: fatal error: ac_nonexistent.h: No such file or directory
   11 | #include <ac_nonexistent.h>
      |          ^~~~~~~~~~~~~~~~~~
compilation terminated.
configure:4436: $? = 1
configure: failed program was:
| /* confdefs.h */
| #define PACKAGE_NAME "libjpeg"
| #define PACKAGE_TARNAME "libjpeg"
| #define PACKAGE_VERSION "9.1.0"
| #define PACKAGE_STRING "libjpeg 9.1.0"
| #define PACKAGE_BUGREPORT ""
| #define PACKAGE_URL ""
| #define PACKAGE "libjpeg"
| #define VERSION "9.1.0"
| /* end confdefs.h.  */
| #include <ac_nonexistent.h>
configure:4461: result: gcc -E
configure:4481: gcc -E  conftest.c
configure:4481: $? = 0
configure:4495: gcc -E  conftest.c
conftest.c:11:10: fatal error: ac_nonexistent.h: No such file or directory
   11 | #include <ac_nonexistent.h>
      |          ^~~~~~~~~~~~~~~~~~
compilation terminated.
configure:4495: $? = 1
configure: failed program was:
| /* confdefs.h */
| #define PACKAGE_NAME "libjpeg"
| #define PACKAGE_TARNAME "libjpeg"
| #define PACKAGE_VERSION "9.1.0"
| #define PACKAGE_STRING "libjpeg 9.1.0"
| #define PACKAGE_BUGREPORT ""
| #define PACKAGE_URL ""
| #define PACKAGE "libjpeg"
| #define VERSION "9.1.0"
| /* end confdefs.h.  */
| #include <ac_nonexistent.h>
configure:4524: checking whether make sets $(MAKE)
configure:4546: result: yes
configure:4555: checking whether ln -s works
configure:4562: result: no, using cp -pR
configure:4616: checking for ar
configure:4632: found /c/Users/phoebe/scoop/apps/gcc/current/bin/ar
configure:4643: result: ar
configure:4669: checking the archiver (ar) interface
configure:4685: gcc -c -g -O2  conftest.c >&5
configure:4685: $? = 0
configure:4687: ar cru libconftest.a conftest.o >&5
configure:4690: $? = 0
configure:4718: result: ar
configure:4747: checking dependency style of gcc
configure:4856: result: gcc3
configure:4880: checking if LD -Wl,--version-script works
configure:4904: gcc -o conftest.exe -g -O2   -Wl,--version-script=conftest.map conftest.c  >&5
configure:4904: $? = 0
configure:4913: result: yes
configure:4926: checking for function prototypes
configure:4946: gcc -c -g -O2  conftest.c >&5
configure:4946: $? = 0
configure:4954: result: yes
configure:4975: checking for grep that handles long lines and -e
configure:5033: result: /usr/bin/grep
configure:5038: checking for egrep
configure:5100: result: /usr/bin/grep -E
configure:5105: checking for ANSI C header files
configure:5125: gcc -c -g -O2  conftest.c >&5
configure:5125: $? = 0
configure:5198: gcc -o conftest.exe -g -O2   conftest.c  >&5
configure:5198: $? = 0
configure:5198: ./conftest.exe
configure:5198: $? = 0
configure:5209: result: yes
configure:5222: checking for sys/types.h
configure:5222: gcc -c -g -O2  conftest.c >&5
configure:5222: $? = 0
configure:5222: result: yes
configure:5222: checking for sys/stat.h
configure:5222: gcc -c -g -O2  conftest.c >&5
configure:5222: $? = 0
configure:5222: result: yes
configure:5222: checking for stdlib.h
configure:5222: gcc -c -g -O2  conftest.c >&5
configure:5222: $? = 0
configure:5222: result: yes
configure:5222: checking for string.h
configure:5222: gcc -c -g -O2  conftest.c >&5
configure:5222: $? = 0
configure:5222: result: yes
configure:5222: checking for memory.h
configure:5222: gcc -c -g -O2  conftest.c >&5
configure:5222: $? = 0
configure:5222: result: yes
configure:5222: checking for strings.h
configure:5222: gcc -c -g -O2  conftest.c >&5
configure:5222: $? = 0
configure:5222: result: yes
configure:5222: checking for inttypes.h
configure:5222: gcc -c -g -O2  conftest.c >&5
configure:5222: $? = 0
configure:5222: result: yes
configure:5222: checking for stdint.h
configure:5222: gcc -c -g -O2  conftest.c >&5
configure:5222: $? = 0
configure:5222: result: yes
configure:5222: checking for unistd.h
configure:5222: gcc -c -g -O2  conftest.c >&5
configure:5222: $? = 0
configure:5222: result: yes
configure:5237: checking stddef.h usability
configure:5237: gcc -c -g -O2  conftest.c >&5
configure:5237: $? = 0
configure:5237: result: yes
configure:5237: checking stddef.h presence
configure:5237: gcc -E  conftest.c
configure:5237: $? = 0
configure:5237: result: yes
configure:5237: checking for stddef.h
configure:5237: result: yes
configure:5237: checking for stdlib.h
configure:5237: result: yes
configure:5237: checking locale.h usability
configure:5237: gcc -c -g -O2  conftest.c >&5
configure:5237: $? = 0
configure:5237: result: yes
configure:5237: checking locale.h presence
configure:5237: gcc -E  conftest.c
configure:5237: $? = 0
configure:5237: result: yes
configure:5237: checking for locale.h
configure:5237: result: yes
configure:5247: checking for string.h
configure:5247: result: yes
configure:5258: checking whether C compiler accepts -msse4.2
configure:5277: gcc -c -g -O2  -msse4.2  conftest.c >&5
configure:5277: $? = 0
configure:5285: result: yes
configure:5288: checking immintrin.h usability
configure:5288: gcc -c -g -O2  conftest.c >&5
configure:5288: $? = 0
configure:5288: result: yes
configure:5288: checking immintrin.h presence
configure:5288: gcc -E  conftest.c
configure:5288: $? = 0
configure:5288: result: yes
configure:5288: checking for immintrin.h
configure:5288: result: yes
configure:5303: : CFLAGS="$CFLAGS"
configure:5306: $? = 0
configure:5330: checking whether C compiler accepts -march=armv8-a
configure:5349: gcc -c -g -O2 -DUSE_SSE -msse4.2  -march=armv8-a  conftest.c >&5
cc1.exe: error: bad value ('armv8-a') for '-march=' switch
cc1.exe: note: valid arguments to '-march=' switch are: nocona core2 nehalem corei7 westmere sandybridge corei7-avx ivybridge core-avx-i haswell core-avx2 broadwell skylake skylake-avx512 cannonlake icelake-client rocketlake icelake-server cascadelake tigerlake cooperlake sapphirerapids alderlake bonnell atom silvermont slm goldmont goldmont-plus tremont knl knm x86-64 x86-64-v2 x86-64-v3 x86-64-v4 eden-x2 nano nano-1000 nano-2000 nano-3000 nano-x2 eden-x4 nano-x4 k8 k8-sse3 opteron opteron-sse3 athlon64 athlon64-sse3 athlon-fx amdfam10 barcelona bdver1 bdver2 bdver3 bdver4 znver1 znver2 znver3 btver1 btver2 native
configure:5349: $? = 1
configure: failed program was:
| /* confdefs.h */
| #define PACKAGE_NAME "libjpeg"
| #define PACKAGE_TARNAME "libjpeg"
| #define PACKAGE_VERSION "9.1.0"
| #define PACKAGE_STRING "libjpeg 9.1.0"
| #define PACKAGE_BUGREPORT ""
| #define PACKAGE_URL ""
| #define PACKAGE "libjpeg"
| #define VERSION "9.1.0"
| #define HAVE_PROTOTYPES 1
| #define STDC_HEADERS 1
| #define HAVE_SYS_TYPES_H 1
| #define HAVE_SYS_STAT_H 1
| #define HAVE_STDLIB_H 1
| #define HAVE_STRING_H 1
| #define HAVE_MEMORY_H 1
| #define HAVE_STRINGS_H 1
| #define HAVE_INTTYPES_H 1
| #define HAVE_STDINT_H 1
| #define HAVE_UNISTD_H 1
| #define HAVE_STDDEF_H 1
| #define HAVE_STDLIB_H 1
| #define HAVE_LOCALE_H 1
| /* end confdefs.h.  */
| 
| int
| main ()
| {
| 
|   ;
|   return 0;
| }
configure:5357: result: no
configure:5404: checking for size_t
configure:5431: gcc -c -g -O2 -DUSE_SSE -msse4.2  conftest.c >&5
configure:5431: $? = 0
configure:5437: result: yes
configure:5473: checking for type unsigned char
configure:5486: gcc -c -g -O2 -DUSE_SSE -msse4.2  conftest.c >&5
configure:5486: $? = 0
configure:5487: result: yes
configure:5498: checking for type unsigned short
configure:5511: gcc -c -g -O2 -DUSE_SSE -msse4.2  conftest.c >&5
configure:5511: $? = 0
configure:5512: result: yes
configure:5523: checking for type void
configure:5557: gcc -c -g -O2 -DUSE_SSE -msse4.2  conftest.c >&5
configure:5557: $? = 0
configure:5558: result: yes
configure:5568: checking for an ANSI C-conforming const
configure:5634: gcc -c -g -O2 -DUSE_SSE -msse4.2  conftest.c >&5
configure:5634: $? = 0
configure:5641: result: yes
configure:5651: checking for inline
configure:5666: gcc -c -g -O2 -DUSE_SSE -msse4.2  conftest.c >&5
configure:5666: $? = 0
configure:5704: result: __inline__
configure:5713: checking for broken incomplete types
configure:5726: gcc -c -g -O2 -DUSE_SSE -msse4.2  conftest.c >&5
configure:5726: $? = 0
configure:5727: result: ok
configure:5739: checking for short external names
configure:5755: gcc -o conftest.exe -g -O2 -DUSE_SSE -msse4.2   conftest.c  >&5
configure:5755: $? = 0
configure:5756: result: ok
configure:5769: checking to see if char is signed
configure:5806: gcc -o conftest.exe -g -O2 -DUSE_SSE -msse4.2   conftest.c  >&5
configure:5806: $? = 0
configure:5806: ./conftest.exe
configure:5806: $? = 1
configure: program exited with status 1
configure: failed program was:
| /* confdefs.h */
| #define PACKAGE_NAME "libjpeg"
| #define PACKAGE_TARNAME "libjpeg"
| #define PACKAGE_VERSION "9.1.0"
| #define PACKAGE_STRING "libjpeg 9.1.0"
| #define PACKAGE_BUGREPORT ""
| #define PACKAGE_URL ""
| #define PACKAGE "libjpeg"
| #define VERSION "9.1.0"
| #define HAVE_PROTOTYPES 1
| #define STDC_HEADERS 1
| #define HAVE_SYS_TYPES_H 1
| #define HAVE_SYS_STAT_H 1
| #define HAVE_STDLIB_H 1
| #define HAVE_STRING_H 1
| #define HAVE_MEMORY_H 1
| #define HAVE_STRINGS_H 1
| #define HAVE_INTTYPES_H 1
| #define HAVE_STDINT_H 1
| #define HAVE_UNISTD_H 1
| #define HAVE_STDDEF_H 1
| #define HAVE_STDLIB_H 1
| #define HAVE_LOCALE_H 1
| #define HAVE_UNSIGNED_CHAR 1
| #define HAVE_UNSIGNED_SHORT 1
| #define INLINE __inline__
| /* end confdefs.h.  */
| 
| #ifdef HAVE_STDLIB_H
| #include <stdlib.h>
| #endif
| #include <stdio.h>
| #ifdef HAVE_PROTOTYPES
| int is_char_signed (int arg)
| #else
| int is_char_signed (arg)
|      int arg;
| #endif
| {
|   if (arg == 189) {		/* expected result for unsigned char */
|     return 0;			/* type char is unsigned */
|   }
|   else if (arg != -67) {	/* expected result for signed char */
|     printf("Hmm, it seems 'char' is not eight bits wide on your machine.\n");
|     printf("I fear the JPEG software will not work at all.\n\n");
|   }
|   return 1;			/* assume char is signed otherwise */
| }
| char signed_char_check = (char) (-67);
| int main() {
|   exit(is_char_signed((int) signed_char_check));
| }
configure:5813: result: yes
configure:5821: checking to see if right shift is signed
configure:5861: gcc -o conftest.exe -g -O2 -DUSE_SSE -msse4.2   conftest.c  >&5
configure:5861: $? = 0
configure:5861: ./conftest.exe
configure:5861: $? = 1
configure: program exited with status 1
configure: failed program was:
| /* confdefs.h */
| #define PACKAGE_NAME "libjpeg"
| #define PACKAGE_TARNAME "libjpeg"
| #define PACKAGE_VERSION "9.1.0"
| #define PACKAGE_STRING "libjpeg 9.1.0"
| #define PACKAGE_BUGREPORT ""
| #define PACKAGE_URL ""
| #define PACKAGE "libjpeg"
| #define VERSION "9.1.0"
| #define HAVE_PROTOTYPES 1
| #define STDC_HEADERS 1
| #define HAVE_SYS_TYPES_H 1
| #define HAVE_SYS_STAT_H 1
| #define HAVE_STDLIB_H 1
| #define HAVE_STRING_H 1
| #define HAVE_MEMORY_H 1
| #define HAVE_STRINGS_H 1
| #define HAVE_INTTYPES_H 1
| #define HAVE_STDINT_H 1
| #define HAVE_UNISTD_H 1
| #define HAVE_STDDEF_H 1
| #define HAVE_STDLIB_H 1
| #define HAVE_LOCALE_H 1
| #define HAVE_UNSIGNED_CHAR 1
| #define HAVE_UNSIGNED_SHORT 1
| #define INLINE __inline__
| /* end confdefs.h.  */
| 
| #ifdef HAVE_STDLIB_H
| #include <stdlib.h>
| #endif
| #include <stdio.h>
| #ifdef HAVE_PROTOTYPES
| int is_shifting_signed (long arg)
| #else
| int is_shifting_signed (arg)
|      long arg;
| #endif
| /* See whether right-shift on a long is signed or not. */
| {
|   long res = arg >> 4;
| 
|   if (res == -0x7F7E80CL) {	/* expected result for signed shift */
|     return 1;			/* right shift is signed */
|   }
|   /* see if unsigned-shift hack will fix it. */
|   /* we can't just test exact value since it depends on width of long... */
|   res |= (~0L) << (32-4);
|   if (res == -0x7F7E80CL) {	/* expected result now? */
|     return 0;			/* right shift is unsigned */
|   }
|   printf("Right shift isn't acting as I expect it to.\n");
|   printf("I fear the JPEG software will not work at all.\n\n");
|   return 0;			/* try it with unsigned anyway */
| }
| int main() {
|   exit(is_shifting_signed(-0x7F7E80B1L));
| }
configure:5868: result: yes
configure:5876: checking to see if fopen accepts b spec
configure:5895: gcc -o conftest.exe -g -O2 -DUSE_SSE -msse4.2   conftest.c  >&5
configure:5895: $? = 0
configure:5895: ./conftest.exe
configure:5895: $? = 0
configure:5896: result: yes
configure:5958: checking for as
configure:5974: found /c/Users/phoebe/scoop/apps/gcc/current/bin/as
configure:5985: result: as
configure:6050: checking for dlltool
configure:6066: found /c/Users/phoebe/scoop/apps/gcc/current/bin/dlltool
configure:6077: result: dlltool
configure:6142: checking for objdump
configure:6158: found /c/Users/phoebe/scoop/apps/gcc/current/bin/objdump
configure:6169: result: objdump
configure:6260: checking how to print strings
configure:6287: result: printf
configure:6308: checking for a sed that does not truncate output
configure:6372: result: /usr/bin/sed
configure:6390: checking for fgrep
configure:6452: result: /usr/bin/grep -F
configure:6487: checking for ld used by gcc
configure:6554: result: c:/users/phoebe/scoop/apps/gcc/current/x86_64-w64-mingw32/bin/ld.exe
configure:6561: checking if the linker (c:/users/phoebe/scoop/apps/gcc/current/x86_64-w64-mingw32/bin/ld.exe) is GNU ld
configure:6576: result: yes
configure:6588: checking for BSD- or MS-compatible name lister (nm)
configure:6642: result: /c/Users/phoebe/scoop/apps/gcc/current/bin/nm -B
configure:6772: checking the name lister (/c/Users/phoebe/scoop/apps/gcc/current/bin/nm -B) interface
configure:6779: gcc -c -g -O2 -DUSE_SSE -msse4.2  conftest.c >&5
configure:6782: /c/Users/phoebe/scoop/apps/gcc/current/bin/nm -B "conftest.o"
configure:6785: output
0000000000000000 b .bss
0000000000000000 d .data
0000000000000000 N .debug_abbrev
0000000000000000 N .debug_aranges
0000000000000000 N .debug_info
0000000000000000 N .debug_line
0000000000000000 N .debug_line_str
0000000000000000 r .rdata$zzz
0000000000000000 t .text
0000000000000000 B some_variable
configure:6792: result: BSD nm
configure:6796: checking the maximum length of command line arguments
configure:6927: result: 8192
configure:6975: checking how to convert x86_64-pc-mingw64 file names to x86_64-pc-mingw64 format
configure:7015: result: func_convert_file_msys_to_w32
configure:7022: checking how to convert x86_64-pc-mingw64 file names to toolchain format
configure:7042: result: func_convert_file_msys_to_w32
configure:7049: checking for c:/users/phoebe/scoop/apps/gcc/current/x86_64-w64-mingw32/bin/ld.exe option to reload object files
configure:7056: result: -r
configure:7130: checking for objdump
configure:7157: result: objdump
configure:7186: checking how to recognize dependent libraries
configure:7386: result: file_magic ^x86 archive import|^x86 DLL
configure:7471: checking for dlltool
configure:7498: result: dlltool
configure:7528: checking how to associate runtime and link libraries
configure:7555: result: func_cygming_dll_for_implib
configure:7679: checking for archiver @FILE support
configure:7696: gcc -c -g -O2 -DUSE_SSE -msse4.2  conftest.c >&5
configure:7696: $? = 0
configure:7699: ar cru libconftest.a @conftest.lst >&5
configure:7702: $? = 0
configure:7707: ar cru libconftest.a @conftest.lst >&5
C:\Users\phoebe\scoop\apps\gcc\current\bin\ar.exe: conftest.o: No such file or directory
configure:7710: $? = 1
configure:7722: result: @
configure:7780: checking for strip
configure:7796: found /c/Users/phoebe/scoop/apps/gcc/current/bin/strip
configure:7807: result: strip
configure:7879: checking for ranlib
configure:7895: found /c/Users/phoebe/scoop/apps/gcc/current/bin/ranlib
configure:7906: result: ranlib
configure:8008: checking command to parse /c/Users/phoebe/scoop/apps/gcc/current/bin/nm -B output from gcc object
configure:8161: gcc -c -g -O2 -DUSE_SSE -msse4.2  conftest.c >&5
configure:8164: $? = 0
configure:8168: /c/Users/phoebe/scoop/apps/gcc/current/bin/nm -B conftest.o \| sed -n -e 's/^.*[ ]\([ABCDGIRSTW][ABCDGIRSTW]*\)[ ][ ]*\([_A-Za-z][_A-Za-z0-9]*\)\{0,1\}$/\1 \2 \2/p' | sed '/ __gnu_lto/d' \> conftest.nm
configure:8171: $? = 0
configure:8237: gcc -o conftest.exe -g -O2 -DUSE_SSE -msse4.2   conftest.c conftstm.o >&5
configure:8240: $? = 0
configure:8278: result: ok
configure:8325: checking for sysroot
configure:8355: result: no
configure:8362: checking for a working dd
configure:8400: result: /usr/bin/dd
configure:8404: checking how to truncate binary pipes
configure:8419: result: /usr/bin/dd bs=4096 count=1
configure:8748: checking for mt
configure:8778: result: no
configure:8798: checking if : is a manifest tool
configure:8804: : '-?'
configure:8812: result: no
configure:9486: checking for dlfcn.h
configure:9486: gcc -c -g -O2 -DUSE_SSE -msse4.2  conftest.c >&5
conftest.c:62:10: fatal error: dlfcn.h: No such file or directory
   62 | #include <dlfcn.h>
      |          ^~~~~~~~~
compilation terminated.
configure:9486: $? = 1
configure: failed program was:
| /* confdefs.h */
| #define PACKAGE_NAME "libjpeg"
| #define PACKAGE_TARNAME "libjpeg"
| #define PACKAGE_VERSION "9.1.0"
| #define PACKAGE_STRING "libjpeg 9.1.0"
| #define PACKAGE_BUGREPORT ""
| #define PACKAGE_URL ""
| #define PACKAGE "libjpeg"
| #define VERSION "9.1.0"
| #define HAVE_PROTOTYPES 1
| #define STDC_HEADERS 1
| #define HAVE_SYS_TYPES_H 1
| #define HAVE_SYS_STAT_H 1
| #define HAVE_STDLIB_H 1
| #define HAVE_STRING_H 1
| #define HAVE_MEMORY_H 1
| #define HAVE_STRINGS_H 1
| #define HAVE_INTTYPES_H 1
| #define HAVE_STDINT_H 1
| #define HAVE_UNISTD_H 1
| #define HAVE_STDDEF_H 1
| #define HAVE_STDLIB_H 1
| #define HAVE_LOCALE_H 1
| #define HAVE_UNSIGNED_CHAR 1
| #define HAVE_UNSIGNED_SHORT 1
| #define INLINE __inline__
| /* end confdefs.h.  */
| #include <stdio.h>
| #ifdef HAVE_SYS_TYPES_H
| # include <sys/types.h>
| #endif
| #ifdef HAVE_SYS_STAT_H
| # include <sys/stat.h>
| #endif
| #ifdef STDC_HEADERS
| # include <stdlib.h>
| # include <stddef.h>
| #else
| # ifdef HAVE_STDLIB_H
| #  include <stdlib.h>
| # endif
| #endif
| #ifdef HAVE_STRING_H
| # if !defined STDC_HEADERS && defined HAVE_MEMORY_H
| #  include <memory.h>
| # endif
| # include <string.h>
| #endif
| #ifdef HAVE_STRINGS_H
| # include <strings.h>
| #endif
| #ifdef HAVE_INTTYPES_H
| # include <inttypes.h>
| #endif
| #ifdef HAVE_STDINT_H
| # include <stdint.h>
| #endif
| #ifdef HAVE_UNISTD_H
| # include <unistd.h>
| #endif
| 
| #include <dlfcn.h>
configure:9486: result: no
configure:9740: checking for objdir
configure:9755: result: .libs
configure:10015: checking if gcc supports -fno-rtti -fno-exceptions
configure:10033: gcc -c -g -O2 -DUSE_SSE -msse4.2  -fno-rtti -fno-exceptions conftest.c >&5
cc1.exe: warning: command-line option '-fno-rtti' is valid for C++/D/ObjC++ but not for C
configure:10037: $? = 0
configure:10050: result: no
configure:10408: checking for gcc option to produce PIC
configure:10415: result: -DDLL_EXPORT -DPIC
configure:10423: checking if gcc PIC flag -DDLL_EXPORT -DPIC works
configure:10441: gcc -c -g -O2 -DUSE_SSE -msse4.2  -DDLL_EXPORT -DPIC -DPIC conftest.c >&5
configure:10445: $? = 0
configure:10458: result: yes
configure:10487: checking if gcc static flag -static works
configure:10515: result: yes
configure:10530: checking if gcc supports -c -o file.o
configure:10551: gcc -c -g -O2 -DUSE_SSE -msse4.2  -o out/conftest2.o conftest.c >&5
configure:10555: $? = 0
configure:10577: result: yes
configure:10585: checking if gcc supports -c -o file.o
configure:10632: result: yes
configure:10665: checking whether the gcc linker (c:/users/phoebe/scoop/apps/gcc/current/x86_64-w64-mingw32/bin/ld.exe) supports shared libraries
configure:11928: result: yes
configure:11965: checking whether -lc should be explicitly linked in
configure:11973: gcc -c -g -O2 -DUSE_SSE -msse4.2  conftest.c >&5
configure:11976: $? = 0
configure:11991: gcc -shared conftest.o  -v -o ./conftest -Wl,--enable-auto-image-base -Xlinker --out-implib -Xlinker conftest 2\>\&1 \| /usr/bin/grep  -lc  \>/dev/null 2\>\&1
configure:11994: $? = 1
configure:12008: result: yes
configure:12168: checking dynamic linker characteristics
configure:12998: result: Win32 ld.exe
configure:13120: checking how to hardcode library paths into programs
configure:13145: result: immediate
configure:13693: checking whether stripping libraries is possible
configure:13698: result: yes
configure:13733: checking if libtool supports shared libraries
configure:13735: result: yes
configure:13738: checking whether to build shared libraries
configure:13763: result: yes
configure:13766: checking whether to build static libraries
configure:13770: result: yes
configure:13889: checking libjpeg version number
configure:13895: result: 10:0:1
configure:14001: checking that generated files are newer than configure
configure:14007: result: done
configure:14042: creating ./config.status

## ---------------------- ##
## Running config.status. ##
## ---------------------- ##

This file was extended by libjpeg config.status 9.1.0, which was
generated by GNU Autoconf 2.69.  Invocation command line was

  CONFIG_FILES    = 
  CONFIG_HEADERS  = 
  CONFIG_LINKS    = 
  CONFIG_COMMANDS = 
  $ ./config.status 

on DESKTOP-UA4SNVK

config.status:1121: creating Makefile
config.status:1121: creating jconfig.h
config.status:1350: executing depfiles commands
config.status:1350: executing libtool commands

## ---------------- ##
## Cache variables. ##
## ---------------- ##

ac_cv_build=x86_64-pc-mingw64
ac_cv_c_compiler_gnu=yes
ac_cv_c_const=yes
ac_cv_env_CCASFLAGS_set=
ac_cv_env_CCASFLAGS_value=
ac_cv_env_CCAS_set=
ac_cv_env_CCAS_value=
ac_cv_env_CC_set=
ac_cv_env_CC_value=
ac_cv_env_CFLAGS_set=
ac_cv_env_CFLAGS_value=
ac_cv_env_CPPFLAGS_set=
ac_cv_env_CPPFLAGS_value=
ac_cv_env_CPP_set=
ac_cv_env_CPP_value=
ac_cv_env_LDFLAGS_set=
ac_cv_env_LDFLAGS_value=
ac_cv_env_LIBS_set=
ac_cv_env_LIBS_value=
ac_cv_env_LT_SYS_LIBRARY_PATH_set=
ac_cv_env_LT_SYS_LIBRARY_PATH_value=
ac_cv_env_build_alias_set=
ac_cv_env_build_alias_value=
ac_cv_env_host_alias_set=
ac_cv_env_host_alias_value=
ac_cv_env_target_alias_set=
ac_cv_env_target_alias_value=
ac_cv_exeext=.exe
ac_cv_header_dlfcn_h=no
ac_cv_header_immintrin_h=yes
ac_cv_header_inttypes_h=yes
ac_cv_header_locale_h=yes
ac_cv_header_memory_h=yes
ac_cv_header_stdc=yes
ac_cv_header_stddef_h=yes
ac_cv_header_stdint_h=yes
ac_cv_header_stdlib_h=yes
ac_cv_header_string_h=yes
ac_cv_header_strings_h=yes
ac_cv_header_sys_stat_h=yes
ac_cv_header_sys_types_h=yes
ac_cv_header_unistd_h=yes
ac_cv_host=x86_64-pc-mingw64
ac_cv_objext=o
ac_cv_path_EGREP='/usr/bin/grep -E'
ac_cv_path_FGREP='/usr/bin/grep -F'
ac_cv_path_GREP=/usr/bin/grep
ac_cv_path_SED=/usr/bin/sed
ac_cv_path_install='/usr/bin/install -c'
ac_cv_path_lt_DD=/usr/bin/dd
ac_cv_path_mkdir=/usr/bin/mkdir
ac_cv_prog_AWK=gawk
ac_cv_prog_CPP='gcc -E'
ac_cv_prog_ac_ct_AR=ar
ac_cv_prog_ac_ct_AS=as
ac_cv_prog_ac_ct_CC=gcc
ac_cv_prog_ac_ct_DLLTOOL=dlltool
ac_cv_prog_ac_ct_OBJDUMP=objdump
ac_cv_prog_ac_ct_RANLIB=ranlib
ac_cv_prog_ac_ct_STRIP=strip
ac_cv_prog_cc_c89=
ac_cv_prog_cc_c99=
ac_cv_prog_cc_g=yes
ac_cv_prog_cc_stdc=
ac_cv_prog_make_make_set=yes
ac_cv_target=x86_64-pc-mingw64
am_cv_CCAS_dependencies_compiler_type=gcc3
am_cv_CC_dependencies_compiler_type=gcc3
am_cv_ar_interface=ar
am_cv_make_support_nested_variables=yes
am_cv_prog_cc_c_o=yes
ax_cv_check_cflags___march_armv8_a=no
ax_cv_check_cflags___msse4_2=yes
ijg_cv_have_prototypes=yes
ijg_cv_inline=__inline__
lt_cv_ar_at_file=@
lt_cv_archive_cmds_need_lc=yes
lt_cv_deplibs_check_method='file_magic ^x86 archive import|^x86 DLL'
lt_cv_file_magic_cmd=func_win32_libid
lt_cv_file_magic_test_file=
lt_cv_ld_reload_flag=-r
lt_cv_nm_interface='BSD nm'
lt_cv_objdir=.libs
lt_cv_path_LD=c:/users/phoebe/scoop/apps/gcc/current/x86_64-w64-mingw32/bin/ld.exe
lt_cv_path_NM='/c/Users/phoebe/scoop/apps/gcc/current/bin/nm -B'
lt_cv_path_mainfest_tool=no
lt_cv_prog_compiler_c_o=yes
lt_cv_prog_compiler_pic='-DDLL_EXPORT -DPIC'
lt_cv_prog_compiler_pic_works=yes
lt_cv_prog_compiler_rtti_exceptions=no
lt_cv_prog_compiler_static_works=yes
lt_cv_prog_gnu_ld=yes
lt_cv_sharedlib_from_linklib_cmd=func_cygming_dll_for_implib
lt_cv_sys_global_symbol_pipe='sed -n -e '\''s/^.*[	 ]\([ABCDGIRSTW][ABCDGIRSTW]*\)[	 ][	 ]*\([_A-Za-z][_A-Za-z0-9]*\)\{0,1\}$/\1 \2 \2/p'\'' | sed '\''/ __gnu_lto/d'\'''
lt_cv_sys_global_symbol_to_c_name_address='sed -n -e '\''s/^: \(.*\) .*$/  {"\1", (void *) 0},/p'\'' -e '\''s/^[ABCDGIRSTW][ABCDGIRSTW]* .* \(.*\)$/  {"\1", (void *) \&\1},/p'\'''
lt_cv_sys_global_symbol_to_c_name_address_lib_prefix='sed -n -e '\''s/^: \(.*\) .*$/  {"\1", (void *) 0},/p'\'' -e '\''s/^[ABCDGIRSTW][ABCDGIRSTW]* .* \(lib.*\)$/  {"\1", (void *) \&\1},/p'\'' -e '\''s/^[ABCDGIRSTW][ABCDGIRSTW]* .* \(.*\)$/  {"lib\1", (void *) \&\1},/p'\'''
lt_cv_sys_global_symbol_to_cdecl='sed -n -e '\''s/^T .* \(.*\)$/extern int \1();/p'\'' -e '\''s/^[ABCDGIRSTW][ABCDGIRSTW]* .* \(.*\)$/extern char \1;/p'\'''
lt_cv_sys_global_symbol_to_import=
lt_cv_sys_max_cmd_len=8192
lt_cv_to_host_file_cmd=func_convert_file_msys_to_w32
lt_cv_to_tool_file_cmd=func_convert_file_msys_to_w32
lt_cv_truncate_bin='/usr/bin/dd bs=4096 count=1'

## ----------------- ##
## Output variables. ##
## ----------------- ##

ACLOCAL='${SHELL} /c/Users/phoebe/jpegtran/missing aclocal-1.15'
AMDEPBACKSLASH='\'
AMDEP_FALSE='#'
AMDEP_TRUE=''
AMTAR='$${TAR-tar}'
AM_BACKSLASH='\'
AM_DEFAULT_V='$(AM_DEFAULT_VERBOSITY)'
AM_DEFAULT_VERBOSITY='0'
AM_V='$(V)'
AR='ar'
AS='as'
AUTOCONF='${SHELL} /c/Users/phoebe/jpegtran/missing autoconf'
AUTOHEADER='echo autoheader ignored'
AUTOMAKE='${SHELL} /c/Users/phoebe/jpegtran/missing automake-1.15'
AWK='gawk'
CC='gcc'
CCAS='gcc'
CCASDEPMODE='depmode=gcc3'
CCASFLAGS='-g -O2'
CCDEPMODE='depmode=gcc3'
CFLAGS='-g -O2 -DUSE_SSE -msse4.2'
CPP='gcc -E'
CPPFLAGS=''
CYGPATH_W='cygpath -w'
DEFS='-DHAVE_CONFIG_H'
DEPDIR='.deps'
DLLTOOL='dlltool'
DSYMUTIL=''
DUMPBIN=''
ECHO_C=''
ECHO_N='-n'
ECHO_T=''
EGREP='/usr/bin/grep -E'
EXEEXT='.exe'
FGREP='/usr/bin/grep -F'
GREP='/usr/bin/grep'
HAVE_LD_VERSION_SCRIPT_FALSE='#'
HAVE_LD_VERSION_SCRIPT_TRUE=''
INSTALL_DATA='${INSTALL} -m 644'
INSTALL_PROGRAM='${INSTALL}'
INSTALL_SCRIPT='${INSTALL}'
INSTALL_STRIP_PROGRAM='$(install_sh) -c -s'
JPEG_LIB_VERSION='10:0:1'
LD='c:/users/phoebe/scoop/apps/gcc/current/x86_64-w64-mingw32/bin/ld.exe'
LDFLAGS=''
LIBOBJS=''
LIBS=''
LIBTOOL='$(SHELL) $(top_builddir)/libtool'
LIPO=''
LN_S='cp -pR'
LTLIBOBJS=''
LT_SYS_LIBRARY_PATH=''
MAINT='#'
MAINTAINER_MODE_FALSE=''
MAINTAINER_MODE_TRUE='#'
MAKEINFO='${SHELL} /c/Users/phoebe/jpegtran/missing makeinfo'
MANIFEST_TOOL=':'
MEMORYMGR='jmemnobs'
MKDIR_P='/usr/bin/mkdir -p'
NM='/c/Users/phoebe/scoop/apps/gcc/current/bin/nm -B'
NMEDIT=''
OBJDUMP='objdump'
OBJEXT='o'
OTOOL64=''
OTOOL=''
PACKAGE='libjpeg'
PACKAGE_BUGREPORT=''
PACKAGE_NAME='libjpeg'
PACKAGE_STRING='libjpeg 9.1.0'
PACKAGE_TARNAME='libjpeg'
PACKAGE_URL=''
PACKAGE_VERSION='9.1.0'
PATH_SEPARATOR=':'
RANLIB='ranlib'
SED='/usr/bin/sed'
SET_MAKE=''
SHELL='/bin/sh'
STRIP='strip'
VERSION='9.1.0'
ac_ct_AR='ar'
ac_ct_CC='gcc'
ac_ct_DUMPBIN=''
am__EXEEXT_FALSE='#'
am__EXEEXT_TRUE=''
am__fastdepCCAS_FALSE='#'
am__fastdepCCAS_TRUE=''
am__fastdepCC_FALSE='#'
am__fastdepCC_TRUE=''
am__include='include'
am__isrc=''
am__leading_dot='.'
am__nodep='_no'
am__quote=''
am__tar='$${TAR-tar} chof - "$$tardir"'
am__untar='$${TAR-tar} xf -'
bindir='${exec_prefix}/bin'
build='x86_64-pc-mingw64'
build_alias=''
build_cpu='x86_64'
build_os='mingw64'
build_vendor='pc'
datadir='${datarootdir}'
datarootdir='${prefix}/share'
docdir='${datarootdir}/doc/${PACKAGE_TARNAME}'
dvidir='${docdir}'
exec_prefix='${prefix}'
host='x86_64-pc-mingw64'
host_alias=''
host_cpu='x86_64'
host_os='mingw64'
host_vendor='pc'
htmldir='${docdir}'
includedir='${prefix}/include'
infodir='${datarootdir}/info'
install_sh='${SHELL} /c/Users/phoebe/jpegtran/install-sh'
libdir='${exec_prefix}/lib'
libexecdir='${exec_prefix}/libexec'
localedir='${datarootdir}/locale'
localstatedir='${prefix}/var'
mandir='${datarootdir}/man'
mkdir_p='$(MKDIR_P)'
oldincludedir='/usr/include'
pdfdir='${docdir}'
prefix='/usr/local'
program_transform_name='s,x,x,'
psdir='${docdir}'
runstatedir='${localstatedir}/run'
sbindir='${exec_prefix}/sbin'
sharedstatedir='${prefix}/com'
sysconfdir='${prefix}/etc'
target='x86_64-pc-mingw64'
target_alias=''
target_cpu='x86_64'
target_os='mingw64'
target_vendor='pc'

## ----------- ##
## confdefs.h. ##
## ----------- ##

/* confdefs.h */
#define PACKAGE_NAME "libjpeg"
#define PACKAGE_TARNAME "libjpeg"
#define PACKAGE_VERSION "9.1.0"
#define PACKAGE_STRING "libjpeg 9.1.0"
#define PACKAGE_BUGREPORT ""
#define PACKAGE_URL ""
#define PACKAGE "libjpeg"
#define VERSION "9.1.0"
#define HAVE_PROTOTYPES 1
#define STDC_HEADERS 1
#define HAVE_SYS_TYPES_H 1
#define HAVE_SYS_STAT_H 1
#define HAVE_STDLIB_H 1
#define HAVE_STRING_H 1
#define HAVE_MEMORY_H 1
#define HAVE_STRINGS_H 1
#define HAVE_INTTYPES_H 1
#define HAVE_STDINT_H 1
#define HAVE_UNISTD_H 1
#define HAVE_STDDEF_H 1
#define HAVE_STDLIB_H 1
#define HAVE_LOCALE_H 1
#define HAVE_UNSIGNED_CHAR 1
#define HAVE_UNSIGNED_SHORT 1
#define INLINE __inline__
#define LT_OBJDIR ".libs/"

configure: exit 0
